android/app/build/intermediates/manifest_merge_blame_file/debug/processDebugMainManifest/manifest-merger-blame-debug-report.txt
1<?xml version="1.0" encoding="utf-8"?>
2<manifest xmlns:android="http://schemas.android.com/apk/res/android"
3    package="com.gse.securekiosk"
4    android:versionCode="1"
5    android:versionName="1.0.0" >
6
7    <uses-sdk
8        android:minSdkVersion="26"
9        android:targetSdkVersion="34" />
10
11    <uses-permission android:name="android.permission.INTERNET" />
11-->src\main\AndroidManifest.xml:5:5-67
11-->src\main\AndroidManifest.xml:5:22-64
12    <uses-permission android:name="android.permission.ACCESS_NETWORK_STATE" />
12-->src\main\AndroidManifest.xml:6:5-79
12-->src\main\AndroidManifest.xml:6:22-76
13    <uses-permission android:name="android.permission.ACCESS_FINE_LOCATION" />
13-->src\main\AndroidManifest.xml:7:5-79
13-->src\main\AndroidManifest.xml:7:22-76
14    <uses-permission android:name="android.permission.ACCESS_COARSE_LOCATION" />
14-->src\main\AndroidManifest.xml:8:5-81
14-->src\main\AndroidManifest.xml:8:22-78
15    <uses-permission android:name="android.permission.ACCESS_BACKGROUND_LOCATION" />
15-->src\main\AndroidManifest.xml:9:5-85
15-->src\main\AndroidManifest.xml:9:22-82
16    <uses-permission android:name="android.permission.RECEIVE_BOOT_COMPLETED" />
16-->src\main\AndroidManifest.xml:10:5-81
16-->src\main\AndroidManifest.xml:10:22-78
17    <uses-permission android:name="android.permission.WAKE_LOCK" />
17-->src\main\AndroidManifest.xml:11:5-68
17-->src\main\AndroidManifest.xml:11:22-65
18    <uses-permission android:name="android.permission.FOREGROUND_SERVICE" />
18-->src\main\AndroidManifest.xml:12:5-77
18-->src\main\AndroidManifest.xml:12:22-74
19    <uses-permission android:name="android.permission.FOREGROUND_SERVICE_LOCATION" />
19-->src\main\AndroidManifest.xml:13:5-86
19-->src\main\AndroidManifest.xml:13:22-83
20    <uses-permission android:name="android.permission.FOREGROUND_SERVICE_DATA_SYNC" />
20-->src\main\AndroidManifest.xml:14:5-87
20-->src\main\AndroidManifest.xml:14:22-84
21
22    <uses-feature
22-->src\main\AndroidManifest.xml:16:5-18:36
23        android:name="android.hardware.location.gps"
23-->src\main\AndroidManifest.xml:17:9-53
24        android:required="false" />
24-->src\main\AndroidManifest.xml:18:9-33
25
26    <permission
26-->[androidx.core:core:1.13.0] AndroidManifest.xml:22:5-24:47
27        android:name="com.gse.securekiosk.DYNAMIC_RECEIVER_NOT_EXPORTED_PERMISSION"
27-->[androidx.core:core:1.13.0] AndroidManifest.xml:23:9-81
28        android:protectionLevel="signature" />
28-->[androidx.core:core:1.13.0] AndroidManifest.xml:24:9-44
29
30    <uses-permission android:name="com.gse.securekiosk.DYNAMIC_RECEIVER_NOT_EXPORTED_PERMISSION" />
30-->[androidx.core:core:1.13.0] AndroidManifest.xml:26:5-97
30-->[androidx.core:core:1.13.0] AndroidManifest.xml:26:22-94
31
32    <application
32-->src\main\AndroidManifest.xml:20:5-89:19
33        android:allowBackup="false"
33-->src\main\AndroidManifest.xml:21:9-36
34        android:appComponentFactory="androidx.core.app.CoreComponentFactory"
34-->[androidx.core:core:1.13.0] AndroidManifest.xml:28:18-86
35        android:debuggable="true"
36        android:extractNativeLibs="false"
37        android:fullBackupContent="false"
37-->src\main\AndroidManifest.xml:22:9-42
38        android:icon="@mipmap/ic_launcher"
38-->src\main\AndroidManifest.xml:23:9-43
39        android:label="@string/app_name"
39-->src\main\AndroidManifest.xml:24:9-41
40        android:networkSecurityConfig="@xml/network_security_config"
40-->src\main\AndroidManifest.xml:25:9-69
41        android:theme="@style/Theme.SecurePwaKiosk" >
41-->src\main\AndroidManifest.xml:26:9-52
42        <activity
42-->src\main\AndroidManifest.xml:28:9-42:20
43            android:name="com.gse.securekiosk.MainActivity"
43-->src\main\AndroidManifest.xml:29:13-60
44            android:exported="true"
44-->src\main\AndroidManifest.xml:30:13-36
45            android:launchMode="singleTask"
45-->src\main\AndroidManifest.xml:31:13-44
46            android:screenOrientation="sensorLandscape"
46-->src\main\AndroidManifest.xml:32:13-56
47            android:showOnLockScreen="true"
47-->src\main\AndroidManifest.xml:33:13-44
48            android:turnScreenOn="true" >
48-->src\main\AndroidManifest.xml:34:13-40
49            <intent-filter>
49-->src\main\AndroidManifest.xml:35:13-41:29
50                <action android:name="android.intent.action.MAIN" />
50-->src\main\AndroidManifest.xml:36:17-69
50-->src\main\AndroidManifest.xml:36:25-66
51
52                <category android:name="android.intent.category.DEFAULT" />
52-->src\main\AndroidManifest.xml:38:17-76
52-->src\main\AndroidManifest.xml:38:27-73
53                <category android:name="android.intent.category.HOME" />
53-->src\main\AndroidManifest.xml:39:17-73
53-->src\main\AndroidManifest.xml:39:27-70
54                <category android:name="android.intent.category.LAUNCHER" />
54-->src\main\AndroidManifest.xml:40:17-77
54-->src\main\AndroidManifest.xml:40:27-74
55            </intent-filter>
56        </activity>
57
58        <service
58-->src\main\AndroidManifest.xml:44:9-48:65
59            android:name="com.gse.securekiosk.location.LocationSyncService"
59-->src\main\AndroidManifest.xml:45:13-76
60            android:enabled="true"
60-->src\main\AndroidManifest.xml:46:13-35
61            android:exported="false"
61-->src\main\AndroidManifest.xml:47:13-37
62            android:foregroundServiceType="location|dataSync" />
62-->src\main\AndroidManifest.xml:48:13-62
63
64        <receiver
64-->src\main\AndroidManifest.xml:50:9-58:20
65            android:name="com.gse.securekiosk.boot.BootCompleteReceiver"
65-->src\main\AndroidManifest.xml:51:13-73
66            android:enabled="true"
66-->src\main\AndroidManifest.xml:52:13-35
67            android:exported="true" >
67-->src\main\AndroidManifest.xml:53:13-36
68            <intent-filter>
68-->src\main\AndroidManifest.xml:54:13-57:29
69                <action android:name="android.intent.action.BOOT_COMPLETED" />
69-->src\main\AndroidManifest.xml:55:17-79
69-->src\main\AndroidManifest.xml:55:25-76
70                <action android:name="android.intent.action.QUICKBOOT_POWERON" />
70-->src\main\AndroidManifest.xml:56:17-82
70-->src\main\AndroidManifest.xml:56:25-79
71            </intent-filter>
72        </receiver>
73        <receiver
73-->src\main\AndroidManifest.xml:60:9-73:20
74            android:name="com.gse.securekiosk.deviceadmin.DeviceOwnerReceiver"
74-->src\main\AndroidManifest.xml:61:13-79
75            android:description="@string/device_owner_description"
75-->src\main\AndroidManifest.xml:62:13-67
76            android:exported="true"
76-->src\main\AndroidManifest.xml:63:13-36
77            android:label="@string/app_name"
77-->src\main\AndroidManifest.xml:64:13-45
78            android:permission="android.permission.BIND_DEVICE_ADMIN" >
78-->src\main\AndroidManifest.xml:65:13-70
79            <meta-data
79-->src\main\AndroidManifest.xml:66:13-68:65
80                android:name="android.app.device_admin"
80-->src\main\AndroidManifest.xml:67:17-56
81                android:resource="@xml/device_admin_receiver" />
81-->src\main\AndroidManifest.xml:68:17-62
82
83            <intent-filter>
83-->src\main\AndroidManifest.xml:69:13-72:29
84                <action android:name="android.app.action.DEVICE_ADMIN_ENABLED" />
84-->src\main\AndroidManifest.xml:70:17-82
84-->src\main\AndroidManifest.xml:70:25-79
85                <action android:name="android.app.action.PROFILE_PROVISIONING_COMPLETE" />
85-->src\main\AndroidManifest.xml:71:17-91
85-->src\main\AndroidManifest.xml:71:25-88
86            </intent-filter>
87        </receiver>
88        <receiver
88-->src\main\AndroidManifest.xml:75:9-87:20
89            android:name="com.gse.securekiosk.deviceadmin.ProvisioningAdminReceiver"
89-->src\main\AndroidManifest.xml:76:13-85
90            android:description="@string/device_owner_description"
90-->src\main\AndroidManifest.xml:77:13-67
91            android:exported="true"
91-->src\main\AndroidManifest.xml:78:13-36
92            android:label="@string/app_name"
92-->src\main\AndroidManifest.xml:79:13-45
93            android:permission="android.permission.BIND_DEVICE_ADMIN" >
93-->src\main\AndroidManifest.xml:80:13-70
94            <meta-data
94-->src\main\AndroidManifest.xml:66:13-68:65
95                android:name="android.app.device_admin"
95-->src\main\AndroidManifest.xml:67:17-56
96                android:resource="@xml/device_admin_receiver" />
96-->src\main\AndroidManifest.xml:68:17-62
97
98            <intent-filter>
98-->src\main\AndroidManifest.xml:84:13-86:29
99                <action android:name="android.app.action.DEVICE_ADMIN_ENABLED" />
99-->src\main\AndroidManifest.xml:70:17-82
99-->src\main\AndroidManifest.xml:70:25-79
100            </intent-filter>
101        </receiver>
102
103        <activity
103-->[com.google.android.gms:play-services-auth:21.1.1] AndroidManifest.xml:23:9-27:75
104            android:name="com.google.android.gms.auth.api.signin.internal.SignInHubActivity"
104-->[com.google.android.gms:play-services-auth:21.1.1] AndroidManifest.xml:24:13-93
105            android:excludeFromRecents="true"
105-->[com.google.android.gms:play-services-auth:21.1.1] AndroidManifest.xml:25:13-46
106            android:exported="false"
106-->[com.google.android.gms:play-services-auth:21.1.1] AndroidManifest.xml:26:13-37
107            android:theme="@android:style/Theme.Translucent.NoTitleBar" />
107-->[com.google.android.gms:play-services-auth:21.1.1] AndroidManifest.xml:27:13-72
108        <!--
109            Service handling Google Sign-In user revocation. For apps that do not integrate with
110            Google Sign-In, this service will never be started.
111        -->
112        <service
112-->[com.google.android.gms:play-services-auth:21.1.1] AndroidManifest.xml:33:9-37:51
113            android:name="com.google.android.gms.auth.api.signin.RevocationBoundService"
113-->[com.google.android.gms:play-services-auth:21.1.1] AndroidManifest.xml:34:13-89
114            android:exported="true"
114-->[com.google.android.gms:play-services-auth:21.1.1] AndroidManifest.xml:35:13-36
115            android:permission="com.google.android.gms.auth.api.signin.permission.REVOCATION_NOTIFICATION"
115-->[com.google.android.gms:play-services-auth:21.1.1] AndroidManifest.xml:36:13-107
116            android:visibleToInstantApps="true" />
116-->[com.google.android.gms:play-services-auth:21.1.1] AndroidManifest.xml:37:13-48
117
118        <activity
118-->[com.google.android.gms:play-services-base:18.3.0] AndroidManifest.xml:20:9-22:45
119            android:name="com.google.android.gms.common.api.GoogleApiActivity"
119-->[com.google.android.gms:play-services-base:18.3.0] AndroidManifest.xml:20:19-85
120            android:exported="false"
120-->[com.google.android.gms:play-services-base:18.3.0] AndroidManifest.xml:22:19-43
121            android:theme="@android:style/Theme.Translucent.NoTitleBar" />
121-->[com.google.android.gms:play-services-base:18.3.0] AndroidManifest.xml:21:19-78
122
123        <meta-data
123-->[com.google.android.gms:play-services-basement:18.3.0] AndroidManifest.xml:21:9-23:69
124            android:name="com.google.android.gms.version"
124-->[com.google.android.gms:play-services-basement:18.3.0] AndroidManifest.xml:22:13-58
125            android:value="@integer/google_play_services_version" />
125-->[com.google.android.gms:play-services-basement:18.3.0] AndroidManifest.xml:23:13-66
126
127        <provider
127-->[androidx.emoji2:emoji2:1.3.0] AndroidManifest.xml:24:9-32:20
128            android:name="androidx.startup.InitializationProvider"
128-->[androidx.emoji2:emoji2:1.3.0] AndroidManifest.xml:25:13-67
129            android:authorities="com.gse.securekiosk.androidx-startup"
129-->[androidx.emoji2:emoji2:1.3.0] AndroidManifest.xml:26:13-68
130            android:exported="false" >
130-->[androidx.emoji2:emoji2:1.3.0] AndroidManifest.xml:27:13-37
131            <meta-data
131-->[androidx.emoji2:emoji2:1.3.0] AndroidManifest.xml:29:13-31:52
132                android:name="androidx.emoji2.text.EmojiCompatInitializer"
132-->[androidx.emoji2:emoji2:1.3.0] AndroidManifest.xml:30:17-75
133                android:value="androidx.startup" />
133-->[androidx.emoji2:emoji2:1.3.0] AndroidManifest.xml:31:17-49
134            <meta-data
134-->[androidx.lifecycle:lifecycle-process:2.8.4] AndroidManifest.xml:29:13-31:52
135                android:name="androidx.lifecycle.ProcessLifecycleInitializer"
135-->[androidx.lifecycle:lifecycle-process:2.8.4] AndroidManifest.xml:30:17-78
136                android:value="androidx.startup" />
136-->[androidx.lifecycle:lifecycle-process:2.8.4] AndroidManifest.xml:31:17-49
137        </provider>
138    </application>
139
140</manifest>